make --dry-run --always-make --keep-going --print-directory
make: Entering directory '/mnt/nfs/homes/agouet/Desktop/minishell/minishell'
cc -Wall -Wextra -Werror -MMD -g3 -c sources/builtins/builtins_bis.c -o sources/builtins/builtins_bis.o -I ./includes
cc -Wall -Wextra -Werror -MMD -g3 -c sources/builtins/builtins.c -o sources/builtins/builtins.o -I ./includes
cc -Wall -Wextra -Werror -MMD -g3 -c sources/builtins/environment_bis.c -o sources/builtins/environment_bis.o -I ./includes
cc -Wall -Wextra -Werror -MMD -g3 -c sources/builtins/environment.c -o sources/builtins/environment.o -I ./includes
cc -Wall -Wextra -Werror -MMD -g3 -c sources/minishell_split/ft_env_pipe.c -o sources/minishell_split/ft_env_pipe.o -I ./includes
cc -Wall -Wextra -Werror -MMD -g3 -c sources/minishell_split/ft_env.c -o sources/minishell_split/ft_env.o -I ./includes
cc -Wall -Wextra -Werror -MMD -g3 -c sources/minishell_split/minishell_split_bis.c -o sources/minishell_split/minishell_split_bis.o -I ./includes
cc -Wall -Wextra -Werror -MMD -g3 -c sources/minishell_split/minishell_split.c -o sources/minishell_split/minishell_split.o -I ./includes
cc -Wall -Wextra -Werror -MMD -g3 -c sources/operator/heredoc.c -o sources/operator/heredoc.o -I ./includes
cc -Wall -Wextra -Werror -MMD -g3 -c sources/operator/heredoc2.c -o sources/operator/heredoc2.o -I ./includes
cc -Wall -Wextra -Werror -MMD -g3 -c sources/operator/minishell_pipe.c -o sources/operator/minishell_pipe.o -I ./includes
cc -Wall -Wextra -Werror -MMD -g3 -c sources/operator/operator_bonus.c -o sources/operator/operator_bonus.o -I ./includes
cc -Wall -Wextra -Werror -MMD -g3 -c sources/operator/operator.c -o sources/operator/operator.o -I ./includes
cc -Wall -Wextra -Werror -MMD -g3 -c sources/parsing/ft_quoting.c -o sources/parsing/ft_quoting.o -I ./includes
cc -Wall -Wextra -Werror -MMD -g3 -c sources/parsing/list_token.c -o sources/parsing/list_token.o -I ./includes
cc -Wall -Wextra -Werror -MMD -g3 -c sources/parsing/parsing.c -o sources/parsing/parsing.o -I ./includes
cc -Wall -Wextra -Werror -MMD -g3 -c sources/parsing/parsing2.c -o sources/parsing/parsing2.o -I ./includes
cc -Wall -Wextra -Werror -MMD -g3 -c sources/useful/ft_getenv.c -o sources/useful/ft_getenv.o -I ./includes
cc -Wall -Wextra -Werror -MMD -g3 -c sources/useful/ft_is_int.c -o sources/useful/ft_is_int.o -I ./includes
cc -Wall -Wextra -Werror -MMD -g3 -c sources/useful/ft_is_str.c -o sources/useful/ft_is_str.o -I ./includes
cc -Wall -Wextra -Werror -MMD -g3 -c sources/useful/useful.c -o sources/useful/useful.o -I ./includes
cc -Wall -Wextra -Werror -MMD -g3 -c sources/execut_bis.c -o sources/execut_bis.o -I ./includes
cc -Wall -Wextra -Werror -MMD -g3 -c sources/execut.c -o sources/execut.o -I ./includes
cc -Wall -Wextra -Werror -MMD -g3 -c sources/initialisation.c -o sources/initialisation.o -I ./includes
cc -Wall -Wextra -Werror -MMD -g3 -c sources/minishell.c -o sources/minishell.o -I ./includes
cc -Wall -Wextra -Werror -MMD -g3 -c sources/main.c -o sources/main.o -I ./includes
cc -Wall -Wextra -Werror -MMD -g3 -c sources/monitor.c -o sources/monitor.o -I ./includes
make -C libft
make[1]: Entering directory '/mnt/nfs/homes/agouet/Desktop/minishell/minishell/libft'
cc -Wall -Werror -Wextra -D BUFFER_SIZE=42 -c ft_isalpha.c -o ft_isalpha.o
cc -Wall -Werror -Wextra -D BUFFER_SIZE=42 -c ft_isdigit.c -o ft_isdigit.o
cc -Wall -Werror -Wextra -D BUFFER_SIZE=42 -c ft_isalnum.c -o ft_isalnum.o
cc -Wall -Werror -Wextra -D BUFFER_SIZE=42 -c ft_isascii.c -o ft_isascii.o
cc -Wall -Werror -Wextra -D BUFFER_SIZE=42 -c ft_isprint.c -o ft_isprint.o
cc -Wall -Werror -Wextra -D BUFFER_SIZE=42 -c ft_strlen.c -o ft_strlen.o
cc -Wall -Werror -Wextra -D BUFFER_SIZE=42 -c ft_memset.c -o ft_memset.o
cc -Wall -Werror -Wextra -D BUFFER_SIZE=42 -c ft_bzero.c -o ft_bzero.o
cc -Wall -Werror -Wextra -D BUFFER_SIZE=42 -c ft_memcpy.c -o ft_memcpy.o
cc -Wall -Werror -Wextra -D BUFFER_SIZE=42 -c ft_memmove.c -o ft_memmove.o
cc -Wall -Werror -Wextra -D BUFFER_SIZE=42 -c ft_strlcpy.c -o ft_strlcpy.o
cc -Wall -Werror -Wextra -D BUFFER_SIZE=42 -c ft_strlcat.c -o ft_strlcat.o
cc -Wall -Werror -Wextra -D BUFFER_SIZE=42 -c ft_toupper.c -o ft_toupper.o
cc -Wall -Werror -Wextra -D BUFFER_SIZE=42 -c ft_tolower.c -o ft_tolower.o
cc -Wall -Werror -Wextra -D BUFFER_SIZE=42 -c ft_strchr.c -o ft_strchr.o
cc -Wall -Werror -Wextra -D BUFFER_SIZE=42 -c ft_strrchr.c -o ft_strrchr.o
cc -Wall -Werror -Wextra -D BUFFER_SIZE=42 -c ft_strncmp.c -o ft_strncmp.o
cc -Wall -Werror -Wextra -D BUFFER_SIZE=42 -c ft_memchr.c -o ft_memchr.o
cc -Wall -Werror -Wextra -D BUFFER_SIZE=42 -c ft_memcmp.c -o ft_memcmp.o
cc -Wall -Werror -Wextra -D BUFFER_SIZE=42 -c ft_strnstr.c -o ft_strnstr.o
cc -Wall -Werror -Wextra -D BUFFER_SIZE=42 -c ft_atoi.c -o ft_atoi.o
cc -Wall -Werror -Wextra -D BUFFER_SIZE=42 -c ft_calloc.c -o ft_calloc.o
cc -Wall -Werror -Wextra -D BUFFER_SIZE=42 -c ft_strdup.c -o ft_strdup.o
cc -Wall -Werror -Wextra -D BUFFER_SIZE=42 -c ft_substr.c -o ft_substr.o
cc -Wall -Werror -Wextra -D BUFFER_SIZE=42 -c ft_strjoin.c -o ft_strjoin.o
cc -Wall -Werror -Wextra -D BUFFER_SIZE=42 -c ft_strtrim.c -o ft_strtrim.o
cc -Wall -Werror -Wextra -D BUFFER_SIZE=42 -c ft_split.c -o ft_split.o
cc -Wall -Werror -Wextra -D BUFFER_SIZE=42 -c ft_itoa.c -o ft_itoa.o
cc -Wall -Werror -Wextra -D BUFFER_SIZE=42 -c ft_strmapi.c -o ft_strmapi.o
cc -Wall -Werror -Wextra -D BUFFER_SIZE=42 -c ft_striteri.c -o ft_striteri.o
cc -Wall -Werror -Wextra -D BUFFER_SIZE=42 -c ft_putchar_fd.c -o ft_putchar_fd.o
cc -Wall -Werror -Wextra -D BUFFER_SIZE=42 -c ft_putstr_fd.c -o ft_putstr_fd.o
cc -Wall -Werror -Wextra -D BUFFER_SIZE=42 -c ft_putendl_fd.c -o ft_putendl_fd.o
cc -Wall -Werror -Wextra -D BUFFER_SIZE=42 -c ft_putnbr_fd.c -o ft_putnbr_fd.o
cc -Wall -Werror -Wextra -D BUFFER_SIZE=42 -c ft_lstnew.c -o ft_lstnew.o
cc -Wall -Werror -Wextra -D BUFFER_SIZE=42 -c ft_lstadd_front.c -o ft_lstadd_front.o
cc -Wall -Werror -Wextra -D BUFFER_SIZE=42 -c ft_lstsize.c -o ft_lstsize.o
cc -Wall -Werror -Wextra -D BUFFER_SIZE=42 -c ft_lstlast.c -o ft_lstlast.o
cc -Wall -Werror -Wextra -D BUFFER_SIZE=42 -c ft_lstadd_back.c -o ft_lstadd_back.o
cc -Wall -Werror -Wextra -D BUFFER_SIZE=42 -c ft_lstdelone.c -o ft_lstdelone.o
cc -Wall -Werror -Wextra -D BUFFER_SIZE=42 -c ft_lstclear.c -o ft_lstclear.o
cc -Wall -Werror -Wextra -D BUFFER_SIZE=42 -c ft_lstiter.c -o ft_lstiter.o
cc -Wall -Werror -Wextra -D BUFFER_SIZE=42 -c ft_lstmap.c -o ft_lstmap.o
cc -Wall -Werror -Wextra -D BUFFER_SIZE=42 -c ft_printf.c -o ft_printf.o
cc -Wall -Werror -Wextra -D BUFFER_SIZE=42 -c ft_printf_utils.c -o ft_printf_utils.o
cc -Wall -Werror -Wextra -D BUFFER_SIZE=42 -c get_next_line.c -o get_next_line.o
ar -r libft.a ft_isalpha.o ft_isdigit.o ft_isalnum.o ft_isascii.o ft_isprint.o ft_strlen.o ft_memset.o ft_bzero.o ft_memcpy.o ft_memmove.o ft_strlcpy.o ft_strlcat.o ft_toupper.o ft_tolower.o ft_strchr.o ft_strrchr.o ft_strncmp.o ft_memchr.o ft_memcmp.o ft_strnstr.o ft_atoi.o ft_calloc.o ft_strdup.o ft_substr.o ft_strjoin.o ft_strtrim.o ft_split.o ft_itoa.o ft_strmapi.o ft_striteri.o ft_putchar_fd.o ft_putstr_fd.o ft_putendl_fd.o ft_putnbr_fd.o ft_lstnew.o ft_lstadd_front.o ft_lstsize.o ft_lstlast.o ft_lstadd_back.o ft_lstdelone.o ft_lstclear.o ft_lstiter.o ft_lstmap.o ft_printf.o ft_printf_utils.o get_next_line.o
make[1]: Leaving directory '/mnt/nfs/homes/agouet/Desktop/minishell/minishell/libft'
cc -Wall -Wextra -Werror -MMD -g3 sources/builtins/builtins_bis.o sources/builtins/builtins.o sources/builtins/environment_bis.o sources/builtins/environment.o sources/minishell_split/ft_env_pipe.o sources/minishell_split/ft_env.o sources/minishell_split/minishell_split_bis.o sources/minishell_split/minishell_split.o sources/operator/heredoc.o sources/operator/heredoc2.o sources/operator/minishell_pipe.o sources/operator/operator_bonus.o sources/operator/operator.o sources/parsing/ft_quoting.o sources/parsing/list_token.o sources/parsing/parsing.o sources/parsing/parsing2.o sources/useful/ft_getenv.o sources/useful/ft_is_int.o sources/useful/ft_is_str.o sources/useful/useful.o sources/execut_bis.o sources/execut.o sources/initialisation.o sources/minishell.o sources/main.o sources/monitor.o libft/libft.a -lreadline -o minishell
make: Leaving directory '/mnt/nfs/homes/agouet/Desktop/minishell/minishell'
 
