make all --print-data-base --no-builtin-variables --no-builtin-rules --question
# GNU Make 4.2.1
# Built for x86_64-pc-linux-gnu
# Copyright (C) 1988-2016 Free Software Foundation, Inc.
# License GPLv3+: GNU GPL version 3 or later <http://gnu.org/licenses/gpl.html>
# This is free software: you are free to change and redistribute it.
# There is NO WARRANTY, to the extent permitted by law.

# Make data base, printed on Thu Aug  4 12:01:30 2022

# Variables

# automatic
<D = $(patsubst %/,%,$(dir $<))
# automatic
?F = $(notdir $?)
# environment
DESKTOP_SESSION = ubuntu
# default
.SHELLFLAGS := -c
# environment
XDG_SESSION_CLASS = user
# environment
XDG_SESSION_TYPE = x11
# environment
VSCODE_LOG_NATIVE = false
# automatic
?D = $(patsubst %/,%,$(dir $?))
# automatic
@D = $(patsubst %/,%,$(dir $@))
# environment
XAUTHORITY = /mnt/nfs/homes/agouet/.Xauthority
# environment
GDMSESSION = ubuntu
# environment
XMODIFIERS = @im=ibus
# makefile
CURDIR := /mnt/nfs/homes/agouet/Desktop/minishell/minishell
# makefile
SHELL = /bin/sh
# environment
VSCODE_NLS_CONFIG = {"locale":"en-us","availableLanguages":{},"_languagePackSupport":true}
# environment
_ = /usr/share/code/code
# makefile (from 'Makefile', line 45)
CFLAGS = -Wall -Wextra -Werror -MMD -g3
# environment
JOURNAL_STREAM = 9:494245
# environment
XDG_CONFIG_DIRS = /etc/xdg/xdg-ubuntu:/etc/xdg
# makefile (from 'Makefile', line 1)
MAKEFILE_LIST :=  Makefile
# automatic
@F = $(notdir $@)
# environment
GIO_LAUNCHED_DESKTOP_FILE = /usr/share/applications/code.desktop
# 'override' directive
GNUMAKEFLAGS := 
# environment
MANDATORY_PATH = /usr/share/gconf/ubuntu.mandatory.path
# environment
XDG_DATA_DIRS = /usr/share/gnome:/usr/share/ubuntu:/mnt/nfs/homes/agouet/.local/share/flatpak/exports/share:/var/lib/flatpak/exports/share:/usr/local/share:/usr/share:/var/lib/snapd/desktop
# environment
DBUS_SESSION_BUS_ADDRESS = unix:path=/run/user/40580/bus
# environment
VSCODE_VERBOSE_LOGGING = true
# makefile (from 'Makefile', line 42)
OBJS = $(SRCS:.c=.o)
# environment
INFOPATH = /mnt/nfs/homes/agouet/.linuxbrew/share/info:/mnt/nfs/homes/agouet/.linuxbrew/share/info:
# environment
MANAGERPID = 96398
# environment
VSCODE_IPC_HOOK_EXTHOST = /run/user/40580/vscode-ipc-b4ceade5-90f2-419c-b3a4-59039dd37862.sock
# makefile (from 'Makefile', line 46)
READLINE = -lreadline
# environment
VSCODE_CWD = /mnt/nfs/homes/agouet
# environment
XDG_SESSION_PATH = /org/freedesktop/DisplayManager/Session1
# environment
KRB5CCNAME = FILE:/tmp/krb5cc_40580_qgOz1W
# default
MAKE_HOST := x86_64-pc-linux-gnu
# environment
PATH = /mnt/nfs/homes/agouet/.linuxbrew/bin:/mnt/nfs/homes/agouet/.linuxbrew/sbin:/mnt/nfs/homes/agouet/bin:/mnt/nfs/homes/agouet/.linuxbrew/bin:/mnt/nfs/homes/agouet/.linuxbrew/sbin:/usr/local/sbin:/usr/local/bin:/usr/sbin:/usr/bin:/sbin:/bin:/usr/games:/usr/local/games:/snap/bin
# environment
GPG_AGENT_INFO = /run/user/40580/gnupg/S.gpg-agent:0:1
# environment
LSCOLORS = Gxfxcxdxbxegedabagacad
# environment
SESSION_MANAGER = local/e1r11p18.clusters.42paris.fr:@/tmp/.ICE-unix/96958,unix/e1r11p18.clusters.42paris.fr:/tmp/.ICE-unix/96958
# environment
XDG_RUNTIME_DIR = /run/user/40580
# environment
XDG_MENU_PREFIX = gnome-
# environment
VSCODE_LOG_STACK = false
# environment
ELECTRON_RUN_AS_NODE = 1
# environment
INVOCATION_ID = 5a6dd2a2fc7b494c9e5089611dc7d95a
# default
.FEATURES := target-specific order-only second-expansion else-if shortest-stem undefine oneshell archives jobserver output-sync check-symlink load
# environment
XDG_GREETER_DATA_DIR = /var/lib/lightdm-data/agouet
# environment
LS_COLORS = 
# environment
XDG_SESSION_DESKTOP = ubuntu
# environment
SSH_AUTH_SOCK = /run/user/40580/keyring/ssh
# environment
GIO_LAUNCHED_DESKTOP_FILE_PID = 102409
# automatic
%F = $(notdir $%)
# environment
DISPLAY = :0
# environment
VSCODE_PIPE_LOGGING = true
# environment
PWD = /mnt/nfs/homes/agouet/Desktop/minishell/minishell
# default
.LOADED := 
# environment
SSH_AGENT_PID = 96928
# environment
ORIGINAL_XDG_CURRENT_DESKTOP = ubuntu:GNOME
# environment
GTK_MODULES = gail:atk-bridge
# environment
MANPATH = /mnt/nfs/homes/agouet/.linuxbrew/share/man:/mnt/nfs/homes/agouet/.linuxbrew/share/man::
# environment
VSCODE_AMD_ENTRYPOINT = vs/workbench/api/node/extensionHostProcess
# environment
HOME = /mnt/nfs/homes/agouet
# environment
HOMEBREW_CELLAR = /mnt/nfs/homes/agouet/.linuxbrew/Cellar
# environment
VSCODE_CODE_CACHE_PATH = /mnt/nfs/homes/agouet/.config/Code/CachedData/30d9c6cd9483b2cc586687151bcbcd635f373630
# environment
LOGNAME = agouet
# environment
APPLICATION_INSIGHTS_NO_DIAGNOSTIC_CHANNEL = 1
# environment
ZSH = /mnt/nfs/homes/agouet/.oh-my-zsh
# environment
VSCODE_HANDLES_UNCAUGHT_ERRORS = true
# environment
GNOME_DESKTOP_SESSION_ID = this-is-deprecated
# automatic
^D = $(patsubst %/,%,$(dir $^))
# environment
MAKELEVEL := 0
# default
 
MAKE = $(MAKE_COMMAND)
# default
MAKECMDGOALS := all
# environment
QT_IM_MODULE = ibus
# makefile (from 'Makefile', line 15)
SRCS = $(addprefix sources/, builtins/builtins_bis.c builtins/builtins.c builtins/environment_bis.c builtins/environment.c minishell_split/ft_env_pipe.c minishell_split/ft_env.c minishell_split/minishell_split_bis.c minishell_split/minishell_split.c operator/heredoc.c operator/heredoc2.c operator/minishell_pipe.c operator/operator_bonus.c operator/operator.c useful/ft_is_int.c useful/ft_is_str.c useful/useful.c execut.c initialisation.c parsing/list_token.c parsing/ft_quoting.c parsing/parsing.c parsing/parsing2.c minishell.c main.c monitor.c )
# environment
SHLVL = 1
# makefile (from 'Makefile', line 14)
LIBFT = libft/libft.a
# makefile (from 'Makefile', line 44)
CC = cc
# environment
IM_CONFIG_PHASE = 1
# default
MAKE_VERSION := 4.2.1
# environment
USER = agouet
# makefile
.DEFAULT_GOAL := minishell
# environment
XDG_CURRENT_DESKTOP = Unity
# environment
LIBVIRT_DEFAULT_URI = qemu:///system
# environment
LESS = -R
# automatic
%D = $(patsubst %/,%,$(dir $%))
# default
MAKE_COMMAND := make
# makefile (from 'Makefile', line 47)
INC = -I ./includes
# environment
OLDPWD = /mnt/nfs/homes/agouet
# default
.VARIABLES := 
# automatic
*F = $(notdir $*)
# environment
XDG_SEAT_PATH = /org/freedesktop/DisplayManager/Seat0
# environment
VSCODE_IPC_HOOK = /run/user/40580/vscode-f3fe54c4-1.68.1-main.sock
# makefile
MAKEFLAGS = pqrR
# environment
MFLAGS = -pqrR
# automatic
*D = $(patsubst %/,%,$(dir $*))
# environment
HOMEBREW_PREFIX = /mnt/nfs/homes/agouet/.linuxbrew
# automatic
+D = $(patsubst %/,%,$(dir $+))
# environment
GDK_BACKEND = x11
# automatic
+F = $(notdir $+)
# environment
HOMEBREW_REPOSITORY = /mnt/nfs/homes/agouet/.linuxbrew/Homebrew
# environment
QT_ACCESSIBILITY = 1
# environment
DEFAULTS_PATH = /usr/share/gconf/ubuntu.default.path
# default
MAKEFILES := 
# automatic
<F = $(notdir $<)
# environment
PAGER = less
# environment
LC_ALL = C
# environment
GJS_DEBUG_TOPICS = JS ERROR;JS LOG
# automatic
^F = $(notdir $^)
# makefile (from 'Makefile', line 43)
DEPS = $(SRCS:.c=.d)
# default
SUFFIXES := 
# environment
CHROME_DESKTOP = code-url-handler.desktop
# default
.INCLUDE_DIRS = /usr/include /usr/local/include /usr/include
# environment
GJS_DEBUG_OUTPUT = stderr
# makefile (from 'Makefile', line 13)
NAME = minishell
# default
.RECIPEPREFIX := 
# environment
LANG = C
# environment
DOCKER_HOST = unix:///run/user/40580/docker.sock
# environment
VSCODE_PID = 102409
# variable set hash-table stats:
# Load=119/1024=12%, Rehash=0, Collisions=16/156=10%

# Pattern-specific Variable Values

# No pattern-specific variable values.

# Directories

# . (device 55, inode 58628103): 13 files, no impossibilities.
# sources/builtins (device 55, inode 58628442): 3 files, no impossibilities so far.

# 16 files, no impossibilities in 2 directories.

# Implicit Rules

%.o: %.c
#  recipe to execute (from 'Makefile', line 50):
	$(CC) $(CFLAGS) -c $< -o $@ $(INC)

# 1 implicit rules, 0 (0.0%) terminal.

# Files

# Not a target:
sources/parsing/ft_quoting.d:
#  Implicit rule search has been done.
#  File does not exist.
#  File has been updated.
#  Failed to be updated.

# Not a target:
sources/parsing/list_token.o:
#  Implicit rule search has not been done.
#  Modification time never checked.
#  File has not been updated.

# Not a target:
sources/useful/ft_is_int.d:
#  Implicit rule search has been done.
#  File does not exist.
#  File has been updated.
#  Failed to be updated.

# Not a target:
sources/parsing/parsing.d:
#  Implicit rule search has been done.
#  File does not exist.
#  File has been updated.
#  Failed to be updated.

# Not a target:
sources/operator/heredoc.d:
#  Implicit rule search has been done.
#  File does not exist.
#  File has been updated.
#  Failed to be updated.

# Not a target:
sources/minishell.o:
#  Implicit rule search has not been done.
#  Modification time never checked.
#  File has not been updated.

# Not a target:
sources/builtins/builtins.d:
#  Implicit rule search has been done.
#  File does not exist.
#  File has been updated.
#  Failed to be updated.

all: minishell
#  Phony target (prerequisite of .PHONY).
#  Command line target.
#  Implicit rule search has not been done.
#  File does not exist.
#  File has been updated.
#  Needs to be updated (-q is set).
# variable set hash-table stats:
# Load=0/32=0%, Rehash=0, Collisions=0/6=0%

# Not a target:
sources/useful/ft_is_str.o:
#  Implicit rule search has not been done.
#  Modification time never checked.
#  File has not been updated.

.PHONY: all re clean fclean
#  Implicit rule search has not been done.
#  Modification time never checked.
#  File has not been updated.

# Not a target:
sources/minishell_split/minishell_split.d:
#  Implicit rule search has been done.
#  File does not exist.
#  File has been updated.
#  Failed to be updated.

# Not a target:
sources/operator/operator.o:
#  Implicit rule search has not been done.
#  Modification time never checked.
#  File has not been updated.

# Not a target:
sources/builtins/environment_bis.o:
#  Implicit rule search has not been done.
#  Modification time never checked.
#  File has not been updated.

# Not a target:
sources/main.d:
#  Implicit rule search has been done.
#  File does not exist.
#  File has been updated.
#  Failed to be updated.

# Not a target:
Makefile:
#  Implicit rule search has been done.
#  Last modified 2022-08-04 11:46:47.001705634
#  File has been updated.
#  Successfully updated.

# Not a target:
sources/builtins/builtins_bis.d:
#  Implicit rule search has been done.
#  File does not exist.
#  File has been updated.
#  Failed to be updated.

# Not a target:
sources/parsing/ft_quoting.o:
#  Implicit rule search has not been done.
#  Modification time never checked.
#  File has not been updated.

# Not a target:
sources/minishell_split/minishell_split_bis.d:
#  Implicit rule search has been done.
#  File does not exist.
#  File has been updated.
#  Failed to be updated.

# Not a target:
sources/useful/ft_is_int.o:
#  Implicit rule search has not been done.
#  Modification time never checked.
#  File has not been updated.

# Not a target:
sources/parsing/parsing.o:
#  Implicit rule search has not been done.
#  Modification time never checked.
#  File has not been updated.

# Not a target:
sources/operator/heredoc.o:
#  Implicit rule search has not been done.
#  Modification time never checked.
#  File has not been updated.

# Not a target:
sources/builtins/builtins.o:
#  Implicit rule search has not been done.
#  Modification time never checked.
#  File has not been updated.

# Not a target:
sources/minishell_split/ft_env_pipe.d:
#  Implicit rule search has been done.
#  File does not exist.
#  File has been updated.
#  Failed to be updated.

# Not a target:
sources/operator/minishell_pipe.d:
#  Implicit rule search has been done.
#  File does not exist.
#  File has been updated.
#  Failed to be updated.

# Not a target:
sources/initialisation.d:
#  Implicit rule search has been done.
#  File does not exist.
#  File has been updated.
#  Failed to be updated.

minishell: sources/builtins/builtins_bis.o sources/builtins/builtins.o sources/builtins/environment_bis.o sources/builtins/environment.o sources/minishell_split/ft_env_pipe.o sources/minishell_split/ft_env.o sources/minishell_split/minishell_split_bis.o sources/minishell_split/minishell_split.o sources/operator/heredoc.o sources/operator/heredoc2.o sources/operator/minishell_pipe.o sources/operator/operator_bonus.o sources/operator/operator.o sources/useful/ft_is_int.o sources/useful/ft_is_str.o sources/useful/useful.o sources/execut.o sources/initialisation.o sources/parsing/list_token.o sources/parsing/ft_quoting.o sources/parsing/parsing.o sources/parsing/parsing2.o sources/minishell.o sources/main.o sources/monitor.o
#  Implicit rule search has not been done.
#  File does not exist.
 
#  File has been updated.
#  Needs to be updated (-q is set).
# variable set hash-table stats:
# Load=0/32=0%, Rehash=0, Collisions=0/6=0%
#  recipe to execute (from 'Makefile', line 53):
	$(MAKE) -C libft
	$(CC) $(CFLAGS) $(OBJS) $(LIBFT) $(READLINE) -o $(NAME)

# Not a target:
sources/minishell_split/minishell_split.o:
#  Implicit rule search has not been done.
#  Modification time never checked.
#  File has not been updated.

# Not a target:
sources/useful/useful.d:
#  Implicit rule search has been done.
#  File does not exist.
#  File has been updated.
#  Failed to be updated.

fclean: clean
#  Phony target (prerequisite of .PHONY).
#  Implicit rule search has not been done.
#  File does not exist.
#  File has not been updated.
#  recipe to execute (from 'Makefile', line 63):
	$(MAKE) fclean -C libft
	rm -f $(NAME)

# Not a target:
sources/operator/heredoc2.d:
#  Implicit rule search has been done.
#  File does not exist.
#  File has been updated.
#  Failed to be updated.

# Not a target:
sources/parsing/parsing2.d:
#  Implicit rule search has been done.
#  File does not exist.
#  File has been updated.
#  Failed to be updated.

# Not a target:
sources/main.o:
#  Implicit rule search has not been done.
#  Modification time never checked.
#  File has not been updated.

sources/builtins/builtins_bis.o: sources/builtins/builtins_bis.c
#  Implicit rule search has been done.
#  Implicit/static pattern stem: 'sources/builtins/builtins_bis'
#  File does not exist.
#  File has been updated.
#  Needs to be updated (-q is set).
# automatic
# @ := sources/builtins/builtins_bis.o
# automatic
# % := 
# automatic
# * := sources/builtins/builtins_bis
# automatic
# + := sources/builtins/builtins_bis.c
# automatic
# | := 
# automatic
# < := sources/builtins/builtins_bis.c
# automatic
# ^ := sources/builtins/builtins_bis.c
# automatic
# ? := sources/builtins/builtins_bis.c
# variable set hash-table stats:
# Load=8/32=25%, Rehash=0, Collisions=1/16=6%
#  recipe to execute (from 'Makefile', line 50):
	$(CC) $(CFLAGS) -c $< -o $@ $(INC)

# Not a target:
sources/operator/operator_bonus.d:
#  Implicit rule search has been done.
#  File does not exist.
#  File has been updated.
#  Failed to be updated.

# Not a target:
sources/monitor.d:
#  Implicit rule search has been done.
#  File does not exist.
#  File has been updated.
#  Failed to be updated.

# Not a target:
.DEFAULT:
#  Implicit rule search has not been done.
#  Modification time never checked.
#  File has not been updated.

# Not a target:
sources/minishell_split/minishell_split_bis.o:
#  Implicit rule search has not been done.
#  Modification time never checked.
#  File has not been updated.

re: fclean
#  Phony target (prerequisite of .PHONY).
#  Implicit rule search has not been done.
#  File does not exist.
#  File has not been updated.
#  recipe to execute (from 'Makefile', line 67):
	make

clean:
#  Phony target (prerequisite of .PHONY).
#  Implicit rule search has not been done.
#  File does not exist.
#  File has not been updated.
#  recipe to execute (from 'Makefile', line 59):
	$(MAKE) clean -C libft
	rm -f $(OBJS) $(DEPS)

# Not a target:
sources/builtins/environment.d:
#  Implicit rule search has been done.
#  File does not exist.
#  File has been updated.
#  Failed to be updated.

# Not a target:
sources/minishell_split/ft_env_pipe.o:
#  Implicit rule search has not been done.
#  Modification time never checked.
#  File has not been updated.

# Not a target:
sources/execut.d:
#  Implicit rule search has been done.
#  File does not exist.
#  File has been updated.
#  Failed to be updated.

# Not a target:
sources/minishell_split/ft_env.d:
#  Implicit rule search has been done.
#  File does not exist.
#  File has been updated.
#  Failed to be updated.

# Not a target:
sources/initialisation.o:
#  Implicit rule search has not been done.
#  Modification time never checked.
#  File has not been updated.

# Not a target:
sources/operator/minishell_pipe.o:
#  Implicit rule search has not been done.
#  Modification time never checked.
#  File has not been updated.

# Not a target:
sources/parsing/list_token.d:
#  Implicit rule search has been done.
#  File does not exist.
#  File has been updated.
#  Failed to be updated.

# Not a target:
sources/minishell.d:
#  Implicit rule search has been done.
#  File does not exist.
#  File has been updated.
#  Failed to be updated.

# Not a target:
sources/useful/useful.o:
#  Implicit rule search has not been done.
#  Modification time never checked.
#  File has not been updated.

# Not a target:
sources/operator/heredoc2.o:
#  Implicit rule search has not been done.
#  Modification time never checked.
#  File has not been updated.

# Not a target:
sources/parsing/parsing2.o:
#  Implicit rule search has not been done.
#  Modification time never checked.
#  File has not been updated.

# Not a target:
sources/useful/ft_is_str.d:
#  Implicit rule search has been done.
#  File does not exist.
#  File has been updated.
#  Failed to be updated.

# Not a target:
sources/operator/operator.d:
#  Implicit rule search has been done.
#  File does not exist.
#  File has been updated.
#  Failed to be updated.

# Not a target:
sources/builtins/environment_bis.d:
#  Implicit rule search has been done.
#  File does not exist.
#  File has been updated.
#  Failed to be updated.

# Not a target:
sources/operator/operator_bonus.o:
#  Implicit rule search has not been done.
#  Modification time never checked.
#  File has not been updated.

# Not a target:
sources/monitor.o:
#  Implicit rule search has not been done.
#  Modification time never checked.
#  File has not been updated.

# Not a target:
sources/builtins/builtins_bis.c:
#  Implicit rule search has been done.
#  Last modified 2022-08-02 15:29:09.190151988
#  File has been updated.
#  Successfully updated.

# Not a target:
sources/builtins/environment.o:
#  Implicit rule search has not been done.
#  Modification time never checked.
#  File has not been updated.

# Not a target:
sources/execut.o:
#  Implicit rule search has not been done.
#  Modification time never checked.
#  File has not been updated.

# Not a target:
sources/minishell_split/ft_env.o:
#  Implicit rule search has not been done.
#  Modification time never checked.
#  File has not been updated.

# files hash-table stats:
# Load=60/1024=6%, Rehash=0, Collisions=8/131=6%
# VPATH Search Paths

# No 'vpath' search paths.

# No general ('VPATH' variable) search path.

# strcache buffers: 1 (0) / strings = 79 / storage = 1759 B / avg = 22 B
# current buf: size = 8162 B / used = 1759 B / count = 79 / avg = 22 B

# strcache performance: lookups = 125 / hit rate = 36%
# hash-table stats:
# Load=79/8192=1%, Rehash=0, Collisions=2/125=2%
# Finished Make data base on Thu Aug  4 12:01:30 2022

 
